<?xml version="1.0" encoding="UTF-8"?>
<testng-results skipped="0" failed="0" total="1" passed="1">
  <reporter-output>
  </reporter-output>
  <suite name="Default suite" duration-ms="26" started-at="2019-02-11T09:05:02Z" finished-at="2019-02-11T09:05:02Z">
    <groups>
    </groups>
    <test name="Default test" duration-ms="26" started-at="2019-02-11T09:05:02Z" finished-at="2019-02-11T09:05:02Z">
      <class name="testCases.ValidateErrorTest2">
        <test-method status="PASS" signature="x(java.lang.String, java.lang.String)[pri:0, instance:testCases.ValidateErrorTest2@724af044]" name="x" duration-ms="10" started-at="2019-02-11T14:35:02Z" data-provider="getData" finished-at="2019-02-11T14:35:02Z">
          <params>
            <param index="0">
              <value>
                <![CDATA[Sha]]>
              </value>
            </param>
            <param index="1">
              <value>
                <![CDATA[Test1234]]>
              </value>
            </param>
          </params>
          <reporter-output>
          </reporter-output>
        </test-method> <!-- x -->
      </class> <!-- testCases.ValidateErrorTest2 -->
    </test> <!-- Default test -->
  </suite> <!-- Default suite -->
</testng-results>
